make all --print-data-base --no-builtin-variables --no-builtin-rules --question
# GNU Make 4.2.1
# Built for x86_64-pc-linux-gnu
# Copyright (C) 1988-2016 Free Software Foundation, Inc.
# License GPLv3+: GNU GPL version 3 or later <http://gnu.org/licenses/gpl.html>
# This is free software: you are free to change and redistribute it.
# There is NO WARRANTY, to the extent permitted by law.
 

# Make data base, printed on Thu Jan 27 18:25:58 2022

# Variables

# automatic
<D = $(patsubst %/,%,$(dir $<))
# automatic
?F = $(notdir $?)
# environment
DESKTOP_SESSION = cinnamon
# default
.SHELLFLAGS := -c
# makefile (from 'Makefile', line 25)
OBJ = $(SRC:$(SRCDIR)/%$(EXT)=$(OBJDIR)/%.o)
# environment
XDG_SESSION_CLASS = user
# makefile (from 'Makefile', line 23)
SRC = $(wildcard $(SRCDIR)/*$(EXT))
# environment
XDG_SESSION_TYPE = x11
# environment
VSCODE_LOG_NATIVE = false
# environment
GTK3_MODULES = xapp-gtk3-module
# automatic
?D = $(patsubst %/,%,$(dir $?))
# automatic
@D = $(patsubst %/,%,$(dir $@))
# environment
XAUTHORITY = /home/sjoerd/.Xauthority
# environment
GDMSESSION = cinnamon
# default
MAKE_VERSION := 4.2.1
# makefile
CURDIR := /home/sjoerd/Coding/Languages/Evi-Lang
# makefile
SHELL = /bin/sh
# makefile (from 'Makefile', line 41)
RM = rm
# environment
GDM_LANG = en_US
# environment
DIRDEPTH = 5
# environment
VSCODE_NLS_CONFIG = {"locale":"en-us","availableLanguages":{},"_languagePackSupport":true}
# environment
_ = /usr/share/code/code
# environment
XDG_CONFIG_DIRS = /etc/xdg/xdg-cinnamon:/etc/xdg
# environment
GTK_OVERLAY_SCROLLING = 1
# makefile (from 'Makefile', line 1)
MAKEFILE_LIST :=  Makefile
# automatic
@F = $(notdir $@)
# environment
GIO_LAUNCHED_DESKTOP_FILE = /usr/share/applications/code.desktop
# 'override' directive
GNUMAKEFLAGS := 
# makefile (from 'Makefile', line 11)
CXXFLAGS = $(MUTE) -DCOMPILER=\"$(CC)\" `$(LLVMFLAGS)`
# environment
MANDATORY_PATH = /usr/share/gconf/cinnamon.mandatory.path
# environment
XDG_DATA_DIRS = /usr/share/cinnamon:/usr/share/gnome:/home/sjoerd/.local/share/flatpak/exports/share:/var/lib/flatpak/exports/share:/usr/local/share:/usr/share:/var/lib/snapd/desktop
# environment
DBUS_SESSION_BUS_ADDRESS = unix:path=/run/user/1000/bus
# environment
VSCODE_VERBOSE_LOGGING = true
# environment
LESSOPEN = | /usr/bin/lesspipe %s
# environment
LC_NAME = nl_NL.UTF-8
# environment
VSCODE_CWD = /home/sjoerd
# environment
XDG_SESSION_PATH = /org/freedesktop/DisplayManager/Session0
# default
MAKE_HOST := x86_64-pc-linux-gnu
# environment
PATH = /home/sjoerd/.local/bin:/usr/local/maven/bin:/home/sjoerd/.local/bin:/usr/local/maven/bin:/usr/local/sbin:/usr/local/bin:/usr/sbin:/usr/bin:/sbin:/bin:/usr/games:/usr/local/games:/snap/bin:/home/sjoerd/Apps/cmdline-tools/bin:/home/sjoerd/.local/bin
# makefile (from 'Makefile', line 34)
DEBUGDEFS = -DDEBUG -ggdb
# environment
GPG_AGENT_INFO = /run/user/1000/gnupg/S.gpg-agent:0:1
# environment
GJS_DEBUG_OUTPUT = stderr
# environment
SESSION_MANAGER = local/Xeon-L5410:@/tmp/.ICE-unix/1626,unix/Xeon-L5410:/tmp/.ICE-unix/1626
# environment
XDG_RUNTIME_DIR = /run/user/1000
# environment
VSCODE_LOG_STACK = false
# environment
VSCODE_CRASH_REPORTER_START_OPTIONS = {"companyName":"Microsoft","productName":"VSCode","submitURL":"appcenter://code?aid=fba07a4d-84bd-4fc8-a125-9640fc8ce171&uid=86f8c9f5-b0cd-4494-88f2-2020e39e3167&iid=86f8c9f5-b0cd-4494-88f2-2020e39e3167&sid=86f8c9f5-b0cd-4494-88f2-2020e39e3167","uploadToServer":true}
# makefile (from 'Makefile', line 12)
LDFLAGS = `$(LLVMFLAGS) --ldflags --system-libs --libs`
# environment
M2 = /usr/local/maven/bin
# default
.FEATURES := target-specific order-only second-expansion else-if shortest-stem undefine oneshell archives jobserver output-sync check-symlink load
# environment
XDG_GREETER_DATA_DIR = /var/lib/lightdm-data/sjoerd
# environment
LS_COLORS = 
# environment
GITTOKEN = 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
# environment
XDG_SESSION_DESKTOP = cinnamon
# environment
SSH_AUTH_SOCK = /run/user/1000/keyring/ssh
# environment
GIO_LAUNCHED_DESKTOP_FILE_PID = 2094
# automatic
%F = $(notdir $%)
# environment
DISPLAY = :0
# makefile (from 'Makefile', line 17)
SRCDIR = src
# environment
VSCODE_PIPE_LOGGING = true
# environment
PWD = /home/sjoerd/Coding/Languages/Evi-Lang
# makefile (from 'Makefile', line 9)
MUTE = -Wall -Wno-varargs -Wno-write-strings -Wno-sign-compare -Wno-unused-function
# environment
QT_QPA_PLATFORMTHEME = qt5ct
# default
.LOADED := 
# makefile (from 'Makefile', line 18)
HEADERDIR = include
# environment
XDG_SEAT = seat0
# environment
SSH_AGENT_PID = 1698
# environment
ORIGINAL_XDG_CURRENT_DESKTOP = X-Cinnamon
# environment
GTK_MODULES = gail:atk-bridge
# environment
VSCODE_AMD_ENTRYPOINT = vs/workbench/services/extensions/node/extensionHostProcess
# environment
HOME = /home/sjoerd
# environment
LESSCLOSE = /usr/bin/lesspipe %s %s
# makefile (from 'Makefile', line 30)
PHCFLAGS = $(CXXFLAGS) -x c++-header $(PHC)
# environment
VSCODE_CODE_CACHE_PATH = /home/sjoerd/.config/Code/CachedData/899d46d82c4c95423fb7e10e68eba52050e30ba3
# environment
LOGNAME = sjoerd
# environment
APPLICATION_INSIGHTS_NO_DIAGNOSTIC_CHANNEL = true
# makefile (from 'Makefile', line 43)
DELOBJ = $(OBJ)
# automatic
+F = $(notdir $+)
# environment
M2_HOME = /usr/local/maven
# environment
VSCODE_HANDLES_UNCAUGHT_ERRORS = true
# environment
GNOME_DESKTOP_SESSION_ID = this-is-deprecated
# automatic
 
^D = $(patsubst %/,%,$(dir $^))
# makefile (from 'Makefile', line 42)
MKDIR = mkdir
# environment
XDG_VTNR = 7
# makefile (from 'Makefile', line 32)
INC_PHC_FLAG = -include-pch $(PHC).gch
# environment
MAKELEVEL := 0
# default
MAKE = $(MAKE_COMMAND)
# default
MAKECMDGOALS := all
# environment
SHLVL = 0
# makefile (from 'Makefile', line 19)
BINDIR = bin
# makefile (from 'Makefile', line 6)
CC = clang++
# environment
VSCODE_IPC_HOOK_EXTHOST = /run/user/1000/vscode-ipc-d5be80ee-336d-41af-893f-9adb6bd32887.sock
# environment
XDG_SESSION_ID = c2
# environment
USER = sjoerd
# environment
LC_MONETARY = nl_NL.UTF-8
# makefile
.DEFAULT_GOAL := all
# environment
XDG_CURRENT_DESKTOP = X-Cinnamon
# makefile (from 'Makefile', line 29)
PHC = $(HEADERDIR)/pch.h
# automatic
%D = $(patsubst %/,%,$(dir $%))
# environment
LC_TELEPHONE = nl_NL.UTF-8
# makefile (from 'Makefile', line 37)
OBJCOUNT = $(foreach v,$(OBJCOUNT_NOPAD),$(shell printf '%02d' $(v)))
# makefile (from 'Makefile', line 26)
APP = $(BINDIR)/$(APPNAME)
# default
MAKE_COMMAND := make
# default
.VARIABLES := 
# automatic
*F = $(notdir $*)
# environment
LANGUAGE = en_US
# environment
XDG_SEAT_PATH = /org/freedesktop/DisplayManager/Seat0
# environment
VSCODE_IPC_HOOK = /run/user/1000/vscode-ca7fe8a1-1.63.2-main.sock
# makefile (from 'Makefile', line 16)
EXT = .cpp
# makefile
MAKEFLAGS = pqrR
# environment
MFLAGS = -pqrR
# automatic
*D = $(patsubst %/,%,$(dir $*))
# environment
BREAKPAD_DUMP_LOCATION = /home/sjoerd/.config/Code/exthost Crash Reports
# makefile (from 'Makefile', line 7)
LLVMVERSION = 12
# automatic
+D = $(patsubst %/,%,$(dir $+))
# environment
GDK_BACKEND = x11
# environment
LC_PAPER = nl_NL.UTF-8
# environment
CINNAMON_VERSION = 5.0.7
# makefile (from 'Makefile', line 15)
APPNAME = evi
# environment
QT_ACCESSIBILITY = 1
# environment
DEFAULTS_PATH = /usr/share/gconf/cinnamon.default.path
# default
MAKEFILES := 
# makefile (from 'Makefile', line 27)
DEP = $(OBJ:$(OBJDIR)/%.o=%.d)
# environment
LC_NUMERIC = nl_NL.UTF-8
# automatic
<F = $(notdir $<)
# environment
ELECTRON_RUN_AS_NODE = 1
# makefile (from 'Makefile', line 20)
OBJDIR = $(BINDIR)/obj
# environment
LC_MEASUREMENT = nl_NL.UTF-8
# environment
LC_ALL = C
# environment
GJS_DEBUG_TOPICS = JS ERROR;JS LOG
# automatic
^F = $(notdir $^)
# makefile (from 'Makefile', line 36)
OBJCOUNT_NOPAD = $(shell v=`echo $(OBJ) | wc -w`; echo `seq 1 $$(expr $$v)`)
# default
SUFFIXES := 
# makefile (from 'Makefile', line 10)
LLVMFLAGS = llvm-config-$(LLVMVERSION) --cxxflags
# environment
CHROME_DESKTOP = code-url-handler.desktop
# default
.INCLUDE_DIRS = /usr/include /usr/local/include /usr/include
# environment
LC_IDENTIFICATION = nl_NL.UTF-8
# default
.RECIPEPREFIX := 
# environment
LC_ADDRESS = nl_NL.UTF-8
# environment
LANG = C
 
# environment
VSCODE_PID = 2094
# variable set hash-table stats:
# Load=140/1024=14%, Rehash=0, Collisions=43/211=20%

# Pattern-specific Variable Values

# No pattern-specific variable values.

# Directories

# . (device 2053, inode 2490466): 14 files, no impossibilities.
# src (device 2053, inode 3038540): 11 files, no impossibilities.

# 25 files, no impossibilities in 2 directories.

# Implicit Rules

bin/obj/%.o: src/%.cpp | makedirs
#  recipe to execute (from 'Makefile', line 61):
	@printf "[$(word 1,$(OBJCOUNT))/$(words $(OBJ))] compiling $(notdir $<) into $(notdir $@)..."
	@$(CC) $(CXXFLAGS) $(INC_PHC_FLAG) -I $(HEADERDIR) -o $@ -c $<
	@printf "\b\b done!\n"
	$(eval OBJCOUNT = $(filter-out $(word 1,$(OBJCOUNT)),$(OBJCOUNT)))

# 1 implicit rules, 0 (0.0%) terminal.

# Files

# Not a target:
bin/obj/parser.o:
#  Implicit rule search has not been done.
#  Modification time never checked.
#  File has not been updated.

all: bin/evi
#  Command line target.
#  Implicit rule search has been done.
#  File does not exist.
#  File has been updated.
#  Needs to be updated (-q is set).
# variable set hash-table stats:
# Load=0/32=0%, Rehash=0, Collisions=0/8=0%

# Not a target:
bin/obj/tools.o:
#  Implicit rule search has not been done.
#  Modification time never checked.
#  File has not been updated.

.PHONY: clean test test-debug routine makedirs remake printdebug valgrind
#  Implicit rule search has not been done.
#  Modification time never checked.
#  File has not been updated.

bin/obj/typechecker.o: src/typechecker.cpp | makedirs
#  Implicit rule search has been done.
#  Implicit/static pattern stem: 'typechecker'
#  Last modified 2022-01-27 17:52:31.999020827
#  File has been updated.
#  Needs to be updated (-q is set).
# variable set hash-table stats:
# Load=0/32=0%, Rehash=0, Collisions=0/8=0%
#  recipe to execute (from 'Makefile', line 61):
	@printf "[$(word 1,$(OBJCOUNT))/$(words $(OBJ))] compiling $(notdir $<) into $(notdir $@)..."
	@$(CC) $(CXXFLAGS) $(INC_PHC_FLAG) -I $(HEADERDIR) -o $@ -c $<
	@printf "\b\b done!\n"
	$(eval OBJCOUNT = $(filter-out $(word 1,$(OBJCOUNT)),$(OBJCOUNT)))

# Not a target:
src/typechecker.cpp:
#  Implicit rule search has been done.
#  Last modified 2022-01-27 17:52:26.798887282
#  File has been updated.
#  Successfully updated.

remake: clean bin/evi
#  Phony target (prerequisite of .PHONY).
#  Implicit rule search has not been done.
#  File does not exist.
#  File has not been updated.

test-debug: debug bin/evi
#  Phony target (prerequisite of .PHONY).
#  Implicit rule search has not been done.
 
#  File does not exist.
#  File has not been updated.
#  recipe to execute (from 'Makefile', line 102):
	@printf "============ Running \"valgrind $(APP) test/test.evi -o bin/test.ll\" ============\n\n"
	@valgrind $(APP) test/test.evi -o bin/test.ll $(args)

git:
#  Implicit rule search has not been done.
#  Modification time never checked.
#  File has not been updated.
#  recipe to execute (from 'Makefile', line 132):
	git add --all
	git commit -m $$(test "$(msg)" && echo '$(msg)' || echo upload)
	git push origin main

# Not a target:
bin/obj/main.o:
#  Implicit rule search has not been done.
#  Modification time never checked.
#  File has not been updated.

# Not a target:
.SUFFIXES:
#  Implicit rule search has not been done.
#  Modification time never checked.
#  File has not been updated.

printdebug:
#  Phony target (prerequisite of .PHONY).
#  Implicit rule search has not been done.
#  File does not exist.
#  File has not been updated.
#  recipe to execute (from 'Makefile', line 118):
	@echo "debug mode set!"

# Not a target:
Makefile:
#  Implicit rule search has been done.
#  Last modified 2022-01-27 18:25:54.080092482
#  File has been updated.
#  Successfully updated.

# Not a target:
bin/obj/error.o:
#  Implicit rule search has not been done.
#  Modification time never checked.
#  File has not been updated.

# makefile (from 'Makefile', line 121)
debug: CXXFLAGS += $(DEBUGDEFS)
debug: printdebug all
#  Implicit rule search has not been done.
#  Modification time never checked.
#  File has not been updated.
# variable set hash-table stats:
# Load=1/32=3%, Rehash=0, Collisions=0/2=0%

test: bin/evi
#  Phony target (prerequisite of .PHONY).
#  Implicit rule search has not been done.
#  File does not exist.
#  File has not been updated.
#  recipe to execute (from 'Makefile', line 83):
	@printf "============= Running \"$(APP)\" =============\n\n"
	@$(APP) test/test.evi -o bin/test.ll
	
	@echo =============================================
	@cat bin/test.ll
	
	@printf "============= Running \"llc-$(LLVMVERSION)\" =============\n\n"
	@llc-$(LLVMVERSION) -filetype=obj bin/test.ll -o bin/test.o
	
	@printf "============= Running \"$(CC)\" ============\n\n"
	@$(CC) bin/test.o -o bin/test
	@printf "============= Running \"bin/test\" ===========\n\n"
	@bin/test
	@printf "=============== Exited with $$? ==============\n"
	@rm bin/test.ll bin/test.o bin/test

# Not a target:
bin/obj/debug.o:
#  Implicit rule search has not been done.
#  Modification time never checked.
#  File has not been updated.

makedirs:
#  Phony target (prerequisite of .PHONY).
#  Implicit rule search has not been done.
#  Implicit/static pattern stem: ''
#  File does not exist.
#  File has been updated.
#  Needs to be updated (-q is set).
# automatic
# @ := makedirs
# automatic
# % := 
 
# automatic
# * := 
# automatic
# + := 
# automatic
# | := 
# automatic
# < := 
# automatic
# ^ := 
# automatic
# ? := 
# variable set hash-table stats:
# Load=8/32=25%, Rehash=0, Collisions=1/16=6%
#  recipe to execute (from 'Makefile', line 110):
	@$(MKDIR) -p $(BINDIR)
	@$(MKDIR) -p $(OBJDIR)

# Not a target:
.DEFAULT:
#  Implicit rule search has not been done.
#  Modification time never checked.
#  File has not been updated.

# makefile (from 'Makefile', line 125)
no-fold: CXXFLAGS += -D DEBUG_NO_FOLD
# Not a target:
no-fold:
#  Implicit rule search has not been done.
#  Modification time never checked.
#  File has not been updated.
# variable set hash-table stats:
# Load=1/32=3%, Rehash=0, Collisions=0/2=0%

# Not a target:
bin/obj/codegen.o:
#  Implicit rule search has not been done.
#  Modification time never checked.
#  File has not been updated.

# Not a target:
run:
#  Implicit rule search has not been done.
#  Modification time never checked.
#  File has not been updated.

clean:
#  Phony target (prerequisite of .PHONY).
#  Implicit rule search has not been done.
#  File does not exist.
#  File has not been updated.
#  recipe to execute (from 'Makefile', line 77):
	@# $(RM) $(DELOBJ) $(DEP) $(APP)
	@$(RM) -rf $(OBJDIR)
	@$(RM) -rf $(BINDIR)

# Not a target:
bin/obj/types.o:
#  Implicit rule search has not been done.
#  Modification time never checked.
#  File has not been updated.

routine: bin/evi run clean
#  Phony target (prerequisite of .PHONY).
#  Implicit rule search has not been done.
#  File does not exist.
#  File has not been updated.

.MAIN: bin/evi
#  Implicit rule search has not been done.
#  Modification time never checked.
#  File has not been updated.

pch:
#  Implicit rule search has not been done.
#  Modification time never checked.
#  File has not been updated.
#  recipe to execute (from 'Makefile', line 68):
	@printf "[pch] compiling $(PHC)..."
	@$(CC) $(PHCFLAGS)
	@printf "\b\b done!\n"

# Not a target:
bin/obj/scanner.o:
#  Implicit rule search has not been done.
#  Modification time never checked.
#  File has not been updated.

bin/evi: bin/obj/typechecker.o bin/obj/scanner.o bin/obj/types.o bin/obj/error.o bin/obj/parser.o bin/obj/tools.o bin/obj/main.o bin/obj/debug.o bin/obj/codegen.o | makedirs
#  Implicit rule search has not been done.
#  Last modified 2022-01-27 18:23:53.405136305
#  File has been updated.
#  Needs to be updated (-q is set).
# variable set hash-table stats:
# Load=0/32=0%, Rehash=0, Collisions=0/8=0%
#  recipe to execute (from 'Makefile', line 54):
	@printf "[final] compiling final product $(notdir $@)..."
 
	@$(CC) $(CXXFLAGS) -o $@ $^ $(LDFLAGS)
	@printf "\b\b done!\n"

valgrind: debug bin/evi
#  Phony target (prerequisite of .PHONY).
#  Implicit rule search has not been done.
#  File does not exist.
#  File has not been updated.
#  recipe to execute (from 'Makefile', line 129):
	@valgrind $(args) bin/evi test/test.evi -o bin/test.ll

newfile:
#  Implicit rule search has not been done.
#  Modification time never checked.
#  File has not been updated.
#  recipe to execute (from 'Makefile', line 138):
	@test $(name) || ( echo "basename not given! ('make newfile name=BASENAME')"; false )
	touch $(SRCDIR)/$(name).cpp
	touch $(HEADERDIR)/$(name).hpp

# files hash-table stats:
# Load=31/1024=3%, Rehash=0, Collisions=7/100=7%
# VPATH Search Paths

# No 'vpath' search paths.

# No general ('VPATH' variable) search path.

# strcache buffers: 1 (0) / strings = 57 / storage = 570 B / avg = 10 B
# current buf: size = 8162 B / used = 570 B / count = 57 / avg = 10 B

# strcache performance: lookups = 127 / hit rate = 55%
# hash-table stats:
# Load=57/8192=1%, Rehash=0, Collisions=2/127=2%
# Finished Make data base on Thu Jan 27 18:25:58 2022

 
